<?xml version="1.0" encoding="UTF-8"?>
<!-- Generated by org.testng.reporters.JUnitReportReporter -->
<testsuite hostname="LAPTOP-Q343LCMK" failures="0" tests="1" name="com.example.AppTest" time="0.018" errors="0" timestamp="2025-05-13T23:59:13 IST" skipped="0">
  <testcase classname="com.example.AppTest" name="shouldAnswerWithTrue" time="0.018"/>
</testsuite> <!-- com.example.AppTest -->
